==================== Problem B ====================
1 1
1 2
1 3
1 4
1 5
1 6
1 7
1 8
1 9
1 10
1 11
1 12
1 13
1 14
1 15
1 16
1 17
1 18
1 19
1 20
2 1
2 2
2 3
2 4
2 5
2 6
2 7
2 8
2 9
2 10
2 11
2 12
2 13
2 14
2 15
2 16
2 17
2 18
2 19
2 20
3 1
3 2
3 3
3 4
3 5
3 6
3 7
3 8
3 9
3 10
3 11
3 12
3 13
3 14
3 15
3 16
3 17
3 18
3 19
3 20
4 1
4 2
4 3
4 4
4 5
4 6
4 7
4 8
4 9
4 10
4 11
4 12
4 13
4 14
4 15
4 16
4 17
4 18
4 19
4 20
5 1
5 2
5 3
5 4
5 5
5 6
5 7
5 8
5 9
5 10
5 11
5 12
5 13
5 14
5 15
5 16
5 17
5 18
5 19
5 20
updating: result/1-10.in (stored 0%)
updating: result/1-11.in (stored 0%)
updating: result/1-12.in (stored 0%)
updating: result/1-13.in (stored 0%)
updating: result/1-14.in (stored 0%)
updating: result/1-15.in (deflated 69%)
updating: result/1-16.in (deflated 62%)
updating: result/1-17.in (deflated 69%)
updating: result/1-18.in (deflated 79%)
updating: result/1-19.in (deflated 81%)
updating: result/1-1.in (stored 0%)
updating: result/1-20.in (deflated 74%)
updating: result/1-2.in (deflated 22%)
updating: result/1-3.in (stored 0%)
updating: result/1-4.in (stored 0%)
updating: result/1-5.in (deflated 46%)
updating: result/1-6.in (deflated 22%)
updating: result/1-7.in (deflated 25%)
updating: result/1-8.in (stored 0%)
updating: result/1-9.in (deflated 6%)
updating: result/2-10.in (deflated 70%)
updating: result/2-11.in (deflated 92%)
updating: result/2-12.in (deflated 84%)
updating: result/2-13.in (deflated 89%)
updating: result/2-14.in (deflated 79%)
updating: result/2-15.in (deflated 79%)
updating: result/2-16.in (deflated 89%)
updating: result/2-17.in (deflated 82%)
updating: result/2-18.in (deflated 91%)
updating: result/2-19.in (deflated 78%)
updating: result/2-1.in (deflated 76%)
updating: result/2-20.in (deflated 83%)
updating: result/2-2.in (deflated 73%)
updating: result/2-3.in (deflated 74%)
updating: result/2-4.in (deflated 75%)
updating: result/2-5.in (deflated 91%)
updating: result/2-6.in (deflated 79%)
updating: result/2-7.in (deflated 84%)
updating: result/2-8.in (deflated 89%)
updating: result/2-9.in (deflated 84%)
updating: result/3-10.in (deflated 100%)
updating: result/3-11.in (deflated 100%)
updating: result/3-12.in (deflated 91%)
updating: result/3-13.in (deflated 77%)
updating: result/3-14.in (deflated 100%)
updating: result/3-15.in (deflated 91%)
updating: result/3-16.in (deflated 74%)
updating: result/3-17.in (deflated 85%)
updating: result/3-18.in (deflated 80%)
updating: result/3-19.in (deflated 87%)
updating: result/3-1.in (stored 0%)
updating: result/3-20.in (deflated 81%)
updating: result/3-2.in (deflated 14%)
updating: result/3-3.in (stored 0%)
updating: result/3-4.in (stored 0%)
updating: result/3-5.in (deflated 40%)
updating: result/3-6.in (deflated 14%)
updating: result/3-7.in (deflated 18%)
updating: result/3-8.in (stored 0%)
updating: result/3-9.in (deflated 83%)
updating: result/4-10.in (deflated 53%)
updating: result/4-11.in (deflated 55%)
updating: result/4-12.in (deflated 57%)
updating: result/4-13.in (deflated 52%)
updating: result/4-14.in (deflated 55%)
updating: result/4-15.in (deflated 55%)
updating: result/4-16.in (deflated 56%)
updating: result/4-17.in (deflated 57%)
updating: result/4-18.in (deflated 57%)
updating: result/4-19.in (deflated 52%)
updating: result/4-1.in (stored 0%)
updating: result/4-20.in (deflated 52%)
updating: result/4-2.in (stored 0%)
updating: result/4-3.in (stored 0%)
updating: result/4-4.in (stored 0%)
updating: result/4-5.in (deflated 56%)
updating: result/4-6.in (deflated 56%)
updating: result/4-7.in (deflated 55%)
updating: result/4-8.in (deflated 57%)
updating: result/4-9.in (deflated 58%)
updating: result/5-10.in (deflated 81%)
updating: result/5-11.in (deflated 81%)
updating: result/5-12.in (deflated 92%)
updating: result/5-13.in (deflated 87%)
updating: result/5-14.in (deflated 72%)
updating: result/5-15.in (deflated 94%)
updating: result/5-16.in (deflated 84%)
updating: result/5-17.in (deflated 90%)
updating: result/5-18.in (deflated 83%)
updating: result/5-19.in (deflated 85%)
updating: result/5-1.in (deflated 84%)
updating: result/5-20.in (deflated 86%)
updating: result/5-2.in (deflated 80%)
updating: result/5-3.in (deflated 92%)
updating: result/5-4.in (deflated 86%)
updating: result/5-5.in (deflated 92%)
updating: result/5-6.in (deflated 80%)
updating: result/5-7.in (deflated 81%)
updating: result/5-8.in (deflated 75%)
updating: result/5-9.in (deflated 83%)
updating: result/1-10.ans (stored 0%)
updating: result/1-11.ans (stored 0%)
updating: result/1-12.ans (stored 0%)
updating: result/1-13.ans (stored 0%)
updating: result/1-14.ans (stored 0%)
updating: result/1-15.ans (stored 0%)
updating: result/1-16.ans (stored 0%)
updating: result/1-17.ans (deflated 39%)
updating: result/1-18.ans (deflated 37%)
updating: result/1-19.ans (deflated 49%)
updating: result/1-1.ans (stored 0%)
updating: result/1-20.ans (stored 0%)
updating: result/1-2.ans (stored 0%)
updating: result/1-3.ans (stored 0%)
updating: result/1-4.ans (stored 0%)
updating: result/1-5.ans (stored 0%)
updating: result/1-6.ans (stored 0%)
updating: result/1-7.ans (stored 0%)
updating: result/1-8.ans (stored 0%)
updating: result/1-9.ans (stored 0%)
updating: result/2-10.ans (stored 0%)
updating: result/2-11.ans (stored 0%)
updating: result/2-12.ans (stored 0%)
updating: result/2-13.ans (deflated 53%)
updating: result/2-14.ans (stored 0%)
updating: result/2-15.ans (stored 0%)
updating: result/2-16.ans (deflated 53%)
updating: result/2-17.ans (stored 0%)
updating: result/2-18.ans (deflated 53%)
updating: result/2-19.ans (stored 0%)
updating: result/2-1.ans (stored 0%)
updating: result/2-20.ans (stored 0%)
updating: result/2-2.ans (stored 0%)
updating: result/2-3.ans (stored 0%)
updating: result/2-4.ans (stored 0%)
updating: result/2-5.ans (deflated 53%)
updating: result/2-6.ans (stored 0%)
updating: result/2-7.ans (deflated 55%)
updating: result/2-8.ans (deflated 53%)
updating: result/2-9.ans (deflated 55%)
updating: result/3-10.ans (deflated 67%)
updating: result/3-11.ans (deflated 20%)
updating: result/3-12.ans (stored 0%)
updating: result/3-13.ans (deflated 62%)
updating: result/3-14.ans (deflated 67%)
updating: result/3-15.ans (stored 0%)
updating: result/3-16.ans (stored 0%)
updating: result/3-17.ans (deflated 64%)
updating: result/3-18.ans (deflated 62%)
updating: result/3-19.ans (deflated 64%)
updating: result/3-1.ans (stored 0%)
updating: result/3-20.ans (deflated 13%)
updating: result/3-2.ans (stored 0%)
updating: result/3-3.ans (stored 0%)
updating: result/3-4.ans (stored 0%)
updating: result/3-5.ans (stored 0%)
updating: result/3-6.ans (stored 0%)
updating: result/3-7.ans (stored 0%)
updating: result/3-8.ans (stored 0%)
updating: result/3-9.ans (deflated 61%)
updating: result/4-10.ans (stored 0%)
updating: result/4-11.ans (stored 0%)
updating: result/4-12.ans (stored 0%)
updating: result/4-13.ans (stored 0%)
updating: result/4-14.ans (stored 0%)
updating: result/4-15.ans (stored 0%)
updating: result/4-16.ans (stored 0%)
updating: result/4-17.ans (stored 0%)
updating: result/4-18.ans (stored 0%)
updating: result/4-19.ans (stored 0%)
updating: result/4-1.ans (stored 0%)
updating: result/4-20.ans (stored 0%)
updating: result/4-2.ans (stored 0%)
updating: result/4-3.ans (stored 0%)
updating: result/4-4.ans (stored 0%)
updating: result/4-5.ans (stored 0%)
updating: result/4-6.ans (stored 0%)
updating: result/4-7.ans (stored 0%)
updating: result/4-8.ans (stored 0%)
updating: result/4-9.ans (stored 0%)
updating: result/5-10.ans (deflated 61%)
updating: result/5-11.ans (deflated 62%)
updating: result/5-12.ans (deflated 65%)
updating: result/5-13.ans (deflated 64%)
updating: result/5-14.ans (stored 0%)
updating: result/5-15.ans (stored 0%)
updating: result/5-16.ans (deflated 64%)
updating: result/5-17.ans (deflated 13%)
updating: result/5-18.ans (deflated 61%)
updating: result/5-19.ans (deflated 62%)
updating: result/5-1.ans (deflated 62%)
updating: result/5-20.ans (deflated 62%)
updating: result/5-2.ans (deflated 60%)
updating: result/5-3.ans (deflated 65%)
updating: result/5-4.ans (stored 0%)
updating: result/5-5.ans (stored 0%)
updating: result/5-6.ans (deflated 59%)
updating: result/5-7.ans (deflated 13%)
updating: result/5-8.ans (deflated 60%)
updating: result/5-9.ans (stored 0%)
Compiling code/subtask1.cpp
Running Subtask 1 Test 1
Running Subtask 1 Test 2
Running Subtask 1 Test 3
Running Subtask 1 Test 4
Running Subtask 1 Test 5
Running Subtask 1 Test 6
Running Subtask 1 Test 7
Running Subtask 1 Test 8
Running Subtask 1 Test 9
Running Subtask 1 Test 10
Running Subtask 1 Test 11
Running Subtask 1 Test 12
Running Subtask 1 Test 13
Running Subtask 1 Test 14
Running Subtask 1 Test 15
Running Subtask 1 Test 16
Running Subtask 1 Test 17
Running Subtask 1 Test 18
Running Subtask 1 Test 19
Running Subtask 1 Test 20
Compiling code/subtask2.cpp
Running Subtask 1 Test 1
Running Subtask 1 Test 2
Running Subtask 1 Test 3
Running Subtask 1 Test 4
Running Subtask 1 Test 5
Running Subtask 1 Test 6
Running Subtask 1 Test 7
Running Subtask 1 Test 8
Running Subtask 1 Test 9
Running Subtask 1 Test 10
Running Subtask 1 Test 11
Running Subtask 1 Test 12
Running Subtask 1 Test 13
Running Subtask 1 Test 14
Running Subtask 1 Test 15
Running Subtask 1 Test 16
Running Subtask 1 Test 17
Running Subtask 1 Test 18
Running Subtask 1 Test 19
Running Subtask 1 Test 20
Running Subtask 2 Test 1
Running Subtask 2 Test 2
Running Subtask 2 Test 3
Running Subtask 2 Test 4
Running Subtask 2 Test 5
Running Subtask 2 Test 6
Running Subtask 2 Test 7
Running Subtask 2 Test 8
Running Subtask 2 Test 9
Running Subtask 2 Test 10
Running Subtask 2 Test 11
Running Subtask 2 Test 12
Running Subtask 2 Test 13
Running Subtask 2 Test 14
Running Subtask 2 Test 15
Running Subtask 2 Test 16
Running Subtask 2 Test 17
Running Subtask 2 Test 18
Running Subtask 2 Test 19
Running Subtask 2 Test 20
Compiling code/subtask3.cpp
